<?xml version="1.0" encoding="UTF-8"?>
<testsuite xmlns:xsi="http://www.w3.org/2001/XMLSchema-instance" xsi:noNamespaceSchemaLocation="https://maven.apache.org/surefire/maven-surefire-plugin/xsd/surefire-test-report.xsd" version="3.0.2" name="com.brisapets.webapp.service.AppointmentServiceTest" time="4.803" tests="1" errors="0" skipped="0" failures="0">
  <properties>
[...]
</properties>
  <testcase name="testSaveAndFindAllAppointments" classname="com.brisapets.webapp.service.AppointmentServiceTest" time="0.673">
    <system-out><![CDATA[2025-11-03T15:38:56.804Z  INFO 14265 --- [           main] t.c.s.AnnotationConfigContextLoaderUtils : Could not detect default configuration classes for test class [com.brisapets.webapp.service.AppointmentServiceTest]: AppointmentServiceTest does not declare any static, non-private, non-final, nested classes annotated with @Configuration.
2025-11-03T15:38:56.854Z  INFO 14265 --- [           main] .b.t.c.SpringBootTestContextBootstrapper : Found @SpringBootConfiguration com.brisapets.webapp.BrisaPetsApplication for test class com.brisapets.webapp.service.AppointmentServiceTest
2025-11-03T15:38:56.865Z  INFO 14265 --- [           main] o.s.b.d.r.RestartApplicationListener     : Restart disabled due to context in which it is running

  .   ____          _            __ _ _
 /\\ / ___'_ __ _ _(_)_ __  __ _ \ \ \ \
( ( )\___ | '_ | '_| | '_ \/ _` | \ \ \ \
 \\/  ___)| |_)| | | | | || (_| |  ) ) ) )
  '  |____| .__|_| |_|_| |_\__, | / / / /
 =========|_|==============|___/=/_/_/_/

 :: Spring Boot ::                (v3.5.6)

2025-11-03T15:38:57.025Z  INFO 14265 --- [           main] c.b.w.service.AppointmentServiceTest     : Starting AppointmentServiceTest using Java 21.0.8 with PID 14265 (started by user in /home/user/WorkSpace/BrisaPetsWebApp)
2025-11-03T15:38:57.029Z  INFO 14265 --- [           main] c.b.w.service.AppointmentServiceTest     : The following 1 profile is active: "test"
2025-11-03T15:38:57.840Z  INFO 14265 --- [           main] .s.d.r.c.RepositoryConfigurationDelegate : Bootstrapping Spring Data JPA repositories in DEFAULT mode.
2025-11-03T15:38:57.933Z  INFO 14265 --- [           main] .s.d.r.c.RepositoryConfigurationDelegate : Finished Spring Data repository scanning in 85 ms. Found 4 JPA repository interfaces.
2025-11-03T15:38:58.438Z DEBUG 14265 --- [           main] j.LocalContainerEntityManagerFactoryBean : Building JPA container EntityManagerFactory for persistence unit 'default'
2025-11-03T15:38:58.438Z  INFO 14265 --- [           main] o.hibernate.jpa.internal.util.LogHelper  : HHH000204: Processing PersistenceUnitInfo [name: default]
2025-11-03T15:38:58.452Z  INFO 14265 --- [           main] o.h.c.internal.RegionFactoryInitiator    : HHH000026: Second-level cache disabled
2025-11-03T15:38:58.489Z  INFO 14265 --- [           main] o.s.o.j.p.SpringPersistenceUnitInfo      : No LoadTimeWeaver setup: ignoring JPA class transformer
2025-11-03T15:38:58.491Z  INFO 14265 --- [           main] com.zaxxer.hikari.HikariDataSource       : HikariPool-2 - Starting...
2025-11-03T15:38:59.007Z  INFO 14265 --- [           main] com.zaxxer.hikari.pool.HikariPool        : HikariPool-2 - Added connection conn0: url=jdbc:h2:mem:testdb user=SA
2025-11-03T15:38:59.010Z  INFO 14265 --- [           main] com.zaxxer.hikari.HikariDataSource       : HikariPool-2 - Start completed.
2025-11-03T15:38:59.020Z  WARN 14265 --- [           main] org.hibernate.orm.deprecation            : HHH90000025: H2Dialect does not need to be specified explicitly using 'hibernate.dialect' (remove the property setting and it will be selected by default)
2025-11-03T15:38:59.033Z  INFO 14265 --- [           main] org.hibernate.orm.connections.pooling    : HHH10001005: Database info:
	Database JDBC URL [Connecting through datasource 'HikariDataSource (HikariPool-2)']
	Database driver: undefined/unknown
	Database version: 2.3.232
	Autocommit mode: undefined/unknown
	Isolation level: undefined/unknown
	Minimum pool size: undefined/unknown
	Maximum pool size: undefined/unknown
2025-11-03T15:38:59.279Z  INFO 14265 --- [           main] o.h.e.t.j.p.i.JtaPlatformInitiator       : HHH000489: No JTA platform available (set 'hibernate.transaction.jta.platform' to enable JTA platform integration)
2025-11-03T15:38:59.282Z DEBUG 14265 --- [           main] org.hibernate.SQL                        : drop table if exists appointment cascade 
2025-11-03T15:38:59.288Z DEBUG 14265 --- [           main] org.hibernate.SQL                        : drop table if exists pets cascade 
2025-11-03T15:38:59.289Z DEBUG 14265 --- [           main] org.hibernate.SQL                        : drop table if exists roles cascade 
2025-11-03T15:38:59.289Z DEBUG 14265 --- [           main] org.hibernate.SQL                        : drop table if exists users cascade 
2025-11-03T15:38:59.290Z DEBUG 14265 --- [           main] org.hibernate.SQL                        : drop table if exists users_roles cascade 
2025-11-03T15:38:59.296Z DEBUG 14265 --- [           main] org.hibernate.SQL                        : create table appointment (is_paid boolean, service_value numeric(10,2), appointment_date_time timestamp(6), id bigint generated by default as identity, pet_id bigint not null, service_name varchar(255), primary key (id))
2025-11-03T15:38:59.319Z DEBUG 14265 --- [           main] org.hibernate.SQL                        : create table pets (castrado boolean, idade integer, id bigint generated by default as identity, tutor_id bigint, image_url varchar(255), nome varchar(255), raca varchar(255), primary key (id))
2025-11-03T15:38:59.322Z DEBUG 14265 --- [           main] org.hibernate.SQL                        : create table roles (id bigint generated by default as identity, name varchar(255), primary key (id))
2025-11-03T15:38:59.326Z DEBUG 14265 --- [           main] org.hibernate.SQL                        : create table users (id bigint generated by default as identity, address varchar(255), city varchar(255), email varchar(255) not null unique, first_name varchar(255), last_name varchar(255), password varchar(255) not null, phone varchar(255), zip_code varchar(255), primary key (id))
2025-11-03T15:38:59.336Z DEBUG 14265 --- [           main] org.hibernate.SQL                        : create table users_roles (role_id bigint not null, user_id bigint not null)
2025-11-03T15:38:59.338Z DEBUG 14265 --- [           main] org.hibernate.SQL                        : alter table if exists appointment add constraint FK4c7cpq389ouprsinu4hnqj4ih foreign key (pet_id) references pets
2025-11-03T15:38:59.371Z DEBUG 14265 --- [           main] org.hibernate.SQL                        : alter table if exists users_roles add constraint FKj6m8fwv7oqv74fcehir1a9ffy foreign key (role_id) references roles
2025-11-03T15:38:59.376Z DEBUG 14265 --- [           main] org.hibernate.SQL                        : alter table if exists users_roles add constraint FK2o0jvgh89lemvvo17cbqvdxaa foreign key (user_id) references users
2025-11-03T15:38:59.387Z  INFO 14265 --- [           main] j.LocalContainerEntityManagerFactoryBean : Initialized JPA EntityManagerFactory for persistence unit 'default'
2025-11-03T15:38:59.804Z  WARN 14265 --- [           main] JpaBaseConfiguration$JpaWebConfiguration : spring.jpa.open-in-view is enabled by default. Therefore, database queries may be performed during view rendering. Explicitly configure spring.jpa.open-in-view to disable this warning
2025-11-03T15:38:59.895Z  INFO 14265 --- [           main] o.s.b.a.w.s.WelcomePageHandlerMapping    : Adding welcome page template: index
2025-11-03T15:39:00.361Z  INFO 14265 --- [           main] eAuthenticationProviderManagerConfigurer : Global AuthenticationManager configured with AuthenticationProvider bean with name authenticationProvider
2025-11-03T15:39:00.363Z  WARN 14265 --- [           main] r$InitializeUserDetailsManagerConfigurer : Global AuthenticationManager configured with an AuthenticationProvider bean. UserDetailsService beans will not be used by Spring Security for automatically configuring username/password login. Consider removing the AuthenticationProvider bean. Alternatively, consider using the UserDetailsService in a manually instantiated DaoAuthenticationProvider. If the current configuration is intentional, to turn off this warning, increase the logging level of 'org.springframework.security.config.annotation.authentication.configuration.InitializeUserDetailsBeanManagerConfigurer' to ERROR
2025-11-03T15:39:00.914Z  INFO 14265 --- [           main] c.b.w.service.AppointmentServiceTest     : Started AppointmentServiceTest in 4.049 seconds (process running for 43.494)
2025-11-03T15:39:00.939Z DEBUG 14265 --- [           main] o.s.orm.jpa.JpaTransactionManager        : Creating new transaction with name [com.brisapets.webapp.service.AppointmentServiceTest.testSaveAndFindAllAppointments]: PROPAGATION_REQUIRED,ISOLATION_DEFAULT
2025-11-03T15:39:00.943Z DEBUG 14265 --- [           main] o.s.orm.jpa.JpaTransactionManager        : Opened new EntityManager [SessionImpl(583361835<open>)] for JPA transaction
2025-11-03T15:39:00.953Z DEBUG 14265 --- [           main] o.s.orm.jpa.JpaTransactionManager        : Exposing JPA transaction as JDBC [org.springframework.orm.jpa.vendor.HibernateJpaDialect$HibernateConnectionHandle@2ba0b7cf]
2025-11-03T15:39:00.984Z DEBUG 14265 --- [           main] o.s.orm.jpa.JpaTransactionManager        : Found thread-bound EntityManager [SessionImpl(583361835<open>)] for JPA transaction
2025-11-03T15:39:00.984Z DEBUG 14265 --- [           main] o.s.orm.jpa.JpaTransactionManager        : Participating in existing transaction
2025-11-03T15:39:01.067Z DEBUG 14265 --- [           main] org.hibernate.SQL                        : insert into pets (castrado,idade,image_url,nome,raca,tutor_id,id) values (?,?,?,?,?,?,default)
2025-11-03T15:39:01.255Z DEBUG 14265 --- [           main] o.s.orm.jpa.JpaTransactionManager        : Found thread-bound EntityManager [SessionImpl(583361835<open>)] for JPA transaction
2025-11-03T15:39:01.256Z DEBUG 14265 --- [           main] o.s.orm.jpa.JpaTransactionManager        : Participating in existing transaction
2025-11-03T15:39:01.270Z DEBUG 14265 --- [           main] org.hibernate.SQL                        : insert into appointment (appointment_date_time,is_paid,pet_id,service_name,service_value,id) values (?,?,?,?,?,default)
2025-11-03T15:39:01.288Z DEBUG 14265 --- [           main] o.s.orm.jpa.JpaTransactionManager        : Found thread-bound EntityManager [SessionImpl(583361835<open>)] for JPA transaction
2025-11-03T15:39:01.288Z DEBUG 14265 --- [           main] o.s.orm.jpa.JpaTransactionManager        : Participating in existing transaction
2025-11-03T15:39:01.548Z DEBUG 14265 --- [           main] org.hibernate.SQL                        : select a1_0.id,a1_0.appointment_date_time,a1_0.is_paid,a1_0.pet_id,a1_0.service_name,a1_0.service_value from appointment a1_0
2025-11-03T15:39:01.586Z DEBUG 14265 --- [           main] o.s.orm.jpa.JpaTransactionManager        : Initiating transaction rollback
2025-11-03T15:39:01.587Z DEBUG 14265 --- [           main] o.s.orm.jpa.JpaTransactionManager        : Rolling back JPA transaction on EntityManager [SessionImpl(583361835<open>)]
2025-11-03T15:39:01.595Z DEBUG 14265 --- [           main] o.s.orm.jpa.JpaTransactionManager        : Closing JPA EntityManager [SessionImpl(583361835<open>)] after transaction
]]></system-out>
  </testcase>
</testsuite>