<?xml version="1.0" encoding="UTF-8"?>
<testsuite xmlns:xsi="http://www.w3.org/2001/XMLSchema-instance" xsi:noNamespaceSchemaLocation="https://maven.apache.org/surefire/maven-surefire-plugin/xsd/surefire-test-report.xsd" version="3.0.2" name="com.brisapets.webapp.service.AppointmentServiceTest" time="12.136" tests="1" errors="0" skipped="0" failures="0">
  <properties>
[...]
</properties>
  <testcase name="testSaveAndFindAllAppointments" classname="com.brisapets.webapp.service.AppointmentServiceTest" time="1.412">
    <system-out><![CDATA[21:36:55.407 [main] INFO org.springframework.test.context.support.AnnotationConfigContextLoaderUtils -- Could not detect default configuration classes for test class [com.brisapets.webapp.service.AppointmentServiceTest]: AppointmentServiceTest does not declare any static, non-private, non-final, nested classes annotated with @Configuration.
21:36:55.731 [main] INFO org.springframework.boot.test.context.SpringBootTestContextBootstrapper -- Found @SpringBootConfiguration com.brisapets.webapp.BrisaPetsApplication for test class com.brisapets.webapp.service.AppointmentServiceTest
21:36:56.127 [main] INFO org.springframework.boot.devtools.restart.RestartApplicationListener -- Restart disabled due to context in which it is running

  .   ____          _            __ _ _
 /\\ / ___'_ __ _ _(_)_ __  __ _ \ \ \ \
( ( )\___ | '_ | '_| | '_ \/ _` | \ \ \ \
 \\/  ___)| |_)| | | | | || (_| |  ) ) ) )
  '  |____| .__|_| |_|_| |_\__, | / / / /
 =========|_|==============|___/=/_/_/_/

 :: Spring Boot ::                (v3.5.6)

2025-10-29T21:36:56.936Z  INFO 5965 --- [           main] c.b.w.service.AppointmentServiceTest     : Starting AppointmentServiceTest using Java 21.0.8 with PID 5965 (started by user in /home/user/WorkSpace/BrisaPetsWebApp)
2025-10-29T21:36:56.940Z  INFO 5965 --- [           main] c.b.w.service.AppointmentServiceTest     : The following 1 profile is active: "test"
2025-10-29T21:36:58.968Z  INFO 5965 --- [           main] .s.d.r.c.RepositoryConfigurationDelegate : Bootstrapping Spring Data JPA repositories in DEFAULT mode.
2025-10-29T21:36:59.099Z  INFO 5965 --- [           main] .s.d.r.c.RepositoryConfigurationDelegate : Finished Spring Data repository scanning in 112 ms. Found 4 JPA repository interfaces.
2025-10-29T21:37:00.276Z DEBUG 5965 --- [           main] j.LocalContainerEntityManagerFactoryBean : Building JPA container EntityManagerFactory for persistence unit 'default'
2025-10-29T21:37:00.318Z  INFO 5965 --- [           main] o.hibernate.jpa.internal.util.LogHelper  : HHH000204: Processing PersistenceUnitInfo [name: default]
2025-10-29T21:37:00.422Z  INFO 5965 --- [           main] org.hibernate.Version                    : HHH000412: Hibernate ORM core version 6.6.29.Final
2025-10-29T21:37:00.542Z  INFO 5965 --- [           main] o.h.c.internal.RegionFactoryInitiator    : HHH000026: Second-level cache disabled
2025-10-29T21:37:01.128Z  INFO 5965 --- [           main] o.s.o.j.p.SpringPersistenceUnitInfo      : No LoadTimeWeaver setup: ignoring JPA class transformer
2025-10-29T21:37:01.189Z  INFO 5965 --- [           main] com.zaxxer.hikari.HikariDataSource       : HikariPool-1 - Starting...
2025-10-29T21:37:01.579Z  INFO 5965 --- [           main] com.zaxxer.hikari.pool.HikariPool        : HikariPool-1 - Added connection conn0: url=jdbc:h2:mem:testdb user=SA
2025-10-29T21:37:01.587Z  INFO 5965 --- [           main] com.zaxxer.hikari.HikariDataSource       : HikariPool-1 - Start completed.
2025-10-29T21:37:01.643Z  WARN 5965 --- [           main] org.hibernate.orm.deprecation            : HHH90000025: H2Dialect does not need to be specified explicitly using 'hibernate.dialect' (remove the property setting and it will be selected by default)
2025-10-29T21:37:01.688Z  INFO 5965 --- [           main] org.hibernate.orm.connections.pooling    : HHH10001005: Database info:
	Database JDBC URL [Connecting through datasource 'HikariDataSource (HikariPool-1)']
	Database driver: undefined/unknown
	Database version: 2.3.232
	Autocommit mode: undefined/unknown
	Isolation level: undefined/unknown
	Minimum pool size: undefined/unknown
	Maximum pool size: undefined/unknown
2025-10-29T21:37:03.335Z  INFO 5965 --- [           main] o.h.e.t.j.p.i.JtaPlatformInitiator       : HHH000489: No JTA platform available (set 'hibernate.transaction.jta.platform' to enable JTA platform integration)
2025-10-29T21:37:03.356Z DEBUG 5965 --- [           main] org.hibernate.SQL                        : drop table if exists appointment cascade 
2025-10-29T21:37:03.360Z DEBUG 5965 --- [           main] org.hibernate.SQL                        : drop table if exists pets cascade 
2025-10-29T21:37:03.361Z DEBUG 5965 --- [           main] org.hibernate.SQL                        : drop table if exists roles cascade 
2025-10-29T21:37:03.362Z DEBUG 5965 --- [           main] org.hibernate.SQL                        : drop table if exists users cascade 
2025-10-29T21:37:03.363Z DEBUG 5965 --- [           main] org.hibernate.SQL                        : drop table if exists users_roles cascade 
2025-10-29T21:37:03.370Z DEBUG 5965 --- [           main] org.hibernate.SQL                        : create table appointment (is_paid boolean, service_value numeric(10,2), appointment_date_time timestamp(6), id bigint generated by default as identity, pet_id bigint not null, service_name varchar(255), primary key (id))
2025-10-29T21:37:03.381Z DEBUG 5965 --- [           main] org.hibernate.SQL                        : create table pets (castrado boolean, idade integer, id bigint generated by default as identity, tutor_id bigint, image_url varchar(255), nome varchar(255), raca varchar(255), primary key (id))
2025-10-29T21:37:03.384Z DEBUG 5965 --- [           main] org.hibernate.SQL                        : create table roles (id bigint generated by default as identity, name varchar(255), primary key (id))
2025-10-29T21:37:03.388Z DEBUG 5965 --- [           main] org.hibernate.SQL                        : create table users (id bigint generated by default as identity, address varchar(255), city varchar(255), email varchar(255) not null unique, first_name varchar(255), last_name varchar(255), password varchar(255) not null, phone varchar(255), zip_code varchar(255), primary key (id))
2025-10-29T21:37:03.393Z DEBUG 5965 --- [           main] org.hibernate.SQL                        : create table users_roles (role_id bigint not null, user_id bigint not null)
2025-10-29T21:37:03.395Z DEBUG 5965 --- [           main] org.hibernate.SQL                        : alter table if exists appointment add constraint FK4c7cpq389ouprsinu4hnqj4ih foreign key (pet_id) references pets
2025-10-29T21:37:03.412Z DEBUG 5965 --- [           main] org.hibernate.SQL                        : alter table if exists users_roles add constraint FKj6m8fwv7oqv74fcehir1a9ffy foreign key (role_id) references roles
2025-10-29T21:37:03.414Z DEBUG 5965 --- [           main] org.hibernate.SQL                        : alter table if exists users_roles add constraint FK2o0jvgh89lemvvo17cbqvdxaa foreign key (user_id) references users
2025-10-29T21:37:03.423Z  INFO 5965 --- [           main] j.LocalContainerEntityManagerFactoryBean : Initialized JPA EntityManagerFactory for persistence unit 'default'
2025-10-29T21:37:04.318Z  WARN 5965 --- [           main] JpaBaseConfiguration$JpaWebConfiguration : spring.jpa.open-in-view is enabled by default. Therefore, database queries may be performed during view rendering. Explicitly configure spring.jpa.open-in-view to disable this warning
2025-10-29T21:37:04.387Z  INFO 5965 --- [           main] o.s.b.a.w.s.WelcomePageHandlerMapping    : Adding welcome page template: index
2025-10-29T21:37:04.935Z  INFO 5965 --- [           main] eAuthenticationProviderManagerConfigurer : Global AuthenticationManager configured with AuthenticationProvider bean with name authenticationProvider
2025-10-29T21:37:04.936Z  WARN 5965 --- [           main] r$InitializeUserDetailsManagerConfigurer : Global AuthenticationManager configured with an AuthenticationProvider bean. UserDetailsService beans will not be used by Spring Security for automatically configuring username/password login. Consider removing the AuthenticationProvider bean. Alternatively, consider using the UserDetailsService in a manually instantiated DaoAuthenticationProvider. If the current configuration is intentional, to turn off this warning, increase the logging level of 'org.springframework.security.config.annotation.authentication.configuration.InitializeUserDetailsBeanManagerConfigurer' to ERROR
2025-10-29T21:37:05.767Z  INFO 5965 --- [           main] c.b.w.service.AppointmentServiceTest     : Started AppointmentServiceTest in 9.664 seconds (process running for 11.847)
2025-10-29T21:37:05.813Z DEBUG 5965 --- [           main] o.s.orm.jpa.JpaTransactionManager        : Creating new transaction with name [com.brisapets.webapp.service.AppointmentServiceTest.testSaveAndFindAllAppointments]: PROPAGATION_REQUIRED,ISOLATION_DEFAULT
2025-10-29T21:37:05.815Z DEBUG 5965 --- [           main] o.s.orm.jpa.JpaTransactionManager        : Opened new EntityManager [SessionImpl(1753365355<open>)] for JPA transaction
2025-10-29T21:37:05.823Z DEBUG 5965 --- [           main] o.s.orm.jpa.JpaTransactionManager        : Exposing JPA transaction as JDBC [org.springframework.orm.jpa.vendor.HibernateJpaDialect$HibernateConnectionHandle@50508ed3]
2025-10-29T21:37:06.808Z DEBUG 5965 --- [           main] o.s.orm.jpa.JpaTransactionManager        : Found thread-bound EntityManager [SessionImpl(1753365355<open>)] for JPA transaction
2025-10-29T21:37:06.808Z DEBUG 5965 --- [           main] o.s.orm.jpa.JpaTransactionManager        : Participating in existing transaction
2025-10-29T21:37:06.877Z DEBUG 5965 --- [           main] org.hibernate.SQL                        : insert into pets (castrado,idade,image_url,nome,raca,tutor_id,id) values (?,?,?,?,?,?,default)
2025-10-29T21:37:06.968Z DEBUG 5965 --- [           main] o.s.orm.jpa.JpaTransactionManager        : Found thread-bound EntityManager [SessionImpl(1753365355<open>)] for JPA transaction
2025-10-29T21:37:06.969Z DEBUG 5965 --- [           main] o.s.orm.jpa.JpaTransactionManager        : Participating in existing transaction
2025-10-29T21:37:06.971Z DEBUG 5965 --- [           main] org.hibernate.SQL                        : insert into appointment (appointment_date_time,is_paid,pet_id,service_name,service_value,id) values (?,?,?,?,?,default)
2025-10-29T21:37:06.981Z DEBUG 5965 --- [           main] o.s.orm.jpa.JpaTransactionManager        : Found thread-bound EntityManager [SessionImpl(1753365355<open>)] for JPA transaction
2025-10-29T21:37:06.982Z DEBUG 5965 --- [           main] o.s.orm.jpa.JpaTransactionManager        : Participating in existing transaction
2025-10-29T21:37:07.144Z DEBUG 5965 --- [           main] org.hibernate.SQL                        : select a1_0.id,a1_0.appointment_date_time,a1_0.is_paid,a1_0.pet_id,a1_0.service_name,a1_0.service_value from appointment a1_0
2025-10-29T21:37:07.180Z DEBUG 5965 --- [           main] o.s.orm.jpa.JpaTransactionManager        : Initiating transaction rollback
2025-10-29T21:37:07.181Z DEBUG 5965 --- [           main] o.s.orm.jpa.JpaTransactionManager        : Rolling back JPA transaction on EntityManager [SessionImpl(1753365355<open>)]
2025-10-29T21:37:07.186Z DEBUG 5965 --- [           main] o.s.orm.jpa.JpaTransactionManager        : Closing JPA EntityManager [SessionImpl(1753365355<open>)] after transaction
]]></system-out>
    <system-err><![CDATA[Mockito is currently self-attaching to enable the inline-mock-maker. This will no longer work in future releases of the JDK. Please add Mockito as an agent to your build as described in Mockito's documentation: https://javadoc.io/doc/org.mockito/mockito-core/latest/org.mockito/org/mockito/Mockito.html#0.3
WARNING: A Java agent has been loaded dynamically (/home/user/.m2/repository/net/bytebuddy/byte-buddy-agent/1.17.7/byte-buddy-agent-1.17.7.jar)
WARNING: If a serviceability tool is in use, please run with -XX:+EnableDynamicAgentLoading to hide this warning
WARNING: If a serviceability tool is not in use, please run with -Djdk.instrument.traceUsage for more information
WARNING: Dynamic loading of agents will be disallowed by default in a future release
]]></system-err>
  </testcase>
</testsuite>