<?xml version="1.0" encoding="UTF-8"?>
<testsuite xmlns:xsi="http://www.w3.org/2001/XMLSchema-instance" xsi:noNamespaceSchemaLocation="https://maven.apache.org/surefire/maven-surefire-plugin/xsd/surefire-test-report.xsd" version="3.0.2" name="com.brisapets.webapp.service.PetServiceTest" time="0.058" tests="1" errors="0" skipped="0" failures="0">
  <properties>
[...]
</properties>
  <testcase name="testSaveAndFindAll" classname="com.brisapets.webapp.service.PetServiceTest" time="0.042">
    <system-out><![CDATA[2025-10-29T21:32:30.426Z  INFO 5781 --- [           main] t.c.s.AnnotationConfigContextLoaderUtils : Could not detect default configuration classes for test class [com.brisapets.webapp.service.PetServiceTest]: PetServiceTest does not declare any static, non-private, non-final, nested classes annotated with @Configuration.
2025-10-29T21:32:30.430Z  INFO 5781 --- [           main] .b.t.c.SpringBootTestContextBootstrapper : Found @SpringBootConfiguration com.brisapets.webapp.BrisaPetsApplication for test class com.brisapets.webapp.service.PetServiceTest
2025-10-29T21:32:30.438Z DEBUG 5781 --- [           main] o.s.orm.jpa.JpaTransactionManager        : Creating new transaction with name [com.brisapets.webapp.service.PetServiceTest.testSaveAndFindAll]: PROPAGATION_REQUIRED,ISOLATION_DEFAULT
2025-10-29T21:32:30.439Z DEBUG 5781 --- [           main] o.s.orm.jpa.JpaTransactionManager        : Opened new EntityManager [SessionImpl(1946554530<open>)] for JPA transaction
2025-10-29T21:32:30.439Z DEBUG 5781 --- [           main] o.s.orm.jpa.JpaTransactionManager        : Exposing JPA transaction as JDBC [org.springframework.orm.jpa.vendor.HibernateJpaDialect$HibernateConnectionHandle@6bfa228c]
2025-10-29T21:32:30.445Z DEBUG 5781 --- [           main] o.s.orm.jpa.JpaTransactionManager        : Found thread-bound EntityManager [SessionImpl(1946554530<open>)] for JPA transaction
2025-10-29T21:32:30.446Z DEBUG 5781 --- [           main] o.s.orm.jpa.JpaTransactionManager        : Participating in existing transaction
2025-10-29T21:32:30.446Z DEBUG 5781 --- [           main] org.hibernate.SQL                        : insert into pets (castrado,idade,image_url,nome,raca,tutor_id,id) values (?,?,?,?,?,?,default)
2025-10-29T21:32:30.448Z DEBUG 5781 --- [           main] o.s.orm.jpa.JpaTransactionManager        : Found thread-bound EntityManager [SessionImpl(1946554530<open>)] for JPA transaction
2025-10-29T21:32:30.449Z DEBUG 5781 --- [           main] o.s.orm.jpa.JpaTransactionManager        : Participating in existing transaction
2025-10-29T21:32:30.451Z DEBUG 5781 --- [           main] org.hibernate.SQL                        : select p1_0.id,p1_0.castrado,p1_0.idade,p1_0.image_url,p1_0.nome,p1_0.raca,p1_0.tutor_id from pets p1_0
2025-10-29T21:32:30.472Z DEBUG 5781 --- [           main] o.s.orm.jpa.JpaTransactionManager        : Initiating transaction rollback
2025-10-29T21:32:30.476Z DEBUG 5781 --- [           main] o.s.orm.jpa.JpaTransactionManager        : Rolling back JPA transaction on EntityManager [SessionImpl(1946554530<open>)]
2025-10-29T21:32:30.477Z DEBUG 5781 --- [           main] o.s.orm.jpa.JpaTransactionManager        : Closing JPA EntityManager [SessionImpl(1946554530<open>)] after transaction
]]></system-out>
  </testcase>
</testsuite>